<?xml version="1.0" encoding="UTF-8"?>
<!-- Generated by org.testng.reporters.JUnitReportReporter -->
<testsuite hostname="IT-CORES-24" failures="0" tests="3" name="example.Scenario1" time="60.860" errors="0" timestamp="2024-08-18T21:53:17 EEST" skipped="0">
  <testcase classname="example.Scenario1" name="verifyMovieNameConsistency" time="18.068"/>
  <system-out/>
  <testcase classname="example.Scenario1" name="verifyMovieNameConsistency" time="14.509"/>
  <system-out/>
  <testcase classname="example.Scenario1" name="verifyMovieNameConsistency" time="28.283"/>
  <system-out/>
</testsuite> <!-- example.Scenario1 -->
