<?xml version="1.0" encoding="UTF-8"?>
<!-- Generated by org.testng.reporters.JUnitReportReporter -->
<testsuite hostname="IT-CORES-24" failures="0" tests="3" name="example.testcase" time="65.589" errors="0" timestamp="2024-08-18T01:05:38 EEST" skipped="0">
  <testcase classname="example.testcase" name="verifyMovieNameConsistency" time="17.507"/>
  <system-out/>
  <testcase classname="example.testcase" name="verifyMovieNameConsistency" time="17.615"/>
  <system-out/>
  <testcase classname="example.testcase" name="verifyMovieNameConsistency" time="30.467"/>
  <system-out/>
</testsuite> <!-- example.testcase -->
